<?xml version="1.0" encoding="UTF-8"?>
<testng-results ignored="0" total="1" passed="1" failed="0" skipped="0">
  <reporter-output>
  </reporter-output>
  <suite started-at="2022-11-23T13:28:26 IST" name="Default suite" finished-at="2022-11-23T13:28:27 IST" duration-ms="62">
    <groups>
    </groups>
    <test started-at="2022-11-23T13:28:26 IST" name="Default test" finished-at="2022-11-23T13:28:27 IST" duration-ms="62">
      <class name="practice.testproTest">
        <test-method signature="sample()[pri:0, instance:practice.testproTest@37654521]" started-at="2022-11-23T13:28:27 IST" name="sample" finished-at="2022-11-23T13:28:27 IST" duration-ms="14" status="PASS">
          <reporter-output>
          </reporter-output>
        </test-method> <!-- sample -->
      </class> <!-- practice.testproTest -->
    </test> <!-- Default test -->
  </suite> <!-- Default suite -->
</testng-results>
